<?xml version="1.0" encoding="UTF-8"?>
<testng-results ignored="0" total="129" passed="114" failed="15" skipped="0">
  <reporter-output>
  </reporter-output>
  <suite started-at="2025-06-13T13:07:13 CDT" name="Default suite" finished-at="2025-06-13T13:08:27 CDT" duration-ms="73450">
    <groups>
      <group name="cucumber">
        <method signature="AbstractTestNGCucumberTests.runScenario(io.cucumber.testng.PickleWrapper,io.cucumber.testng.FeatureWrapper)[pri:0, instance:Runner.TestRunner@2638011]" name="runScenario" class="io.cucumber.testng.AbstractTestNGCucumberTests"/>
      </group> <!-- cucumber -->
    </groups>
    <test started-at="2025-06-13T13:07:13 CDT" name="Default test" finished-at="2025-06-13T13:08:27 CDT" duration-ms="73450">
      <class name="Runner.TestRunner">
        <test-method is-config="true" signature="setUpClass(org.testng.ITestContext)[pri:0, instance:Runner.TestRunner@2638011]" started-at="2025-06-13T13:07:13 CDT" name="setUpClass" finished-at="2025-06-13T13:07:14 CDT" duration-ms="1040" status="PASS">
          <params>
            <param index="0">
              <value>
                <![CDATA[org.testng.TestRunner@592aad4c]]>
              </value>
            </param>
          </params>
          <reporter-output>
          </reporter-output>
        </test-method> <!-- setUpClass -->
        <test-method signature="runScenario(io.cucumber.testng.PickleWrapper,io.cucumber.testng.FeatureWrapper)[pri:0, instance:Runner.TestRunner@2638011]" started-at="2025-06-13T13:07:14 CDT" name="runScenario" description="Runs Cucumber Scenarios" data-provider="scenarios" finished-at="2025-06-13T13:07:18 CDT" duration-ms="3480" status="FAIL">
          <params>
            <param index="0">
              <value>
                <![CDATA["Verify that the user deletion operation is successful with existing userFirstName"]]>
              </value>
            </param>
            <param index="1">
              <value>
                <![CDATA["User Deletion API by userFirstName - DELETE Request Scenarios"]]>
              </value>
            </param>
          </params>
          <exception class="java.lang.AssertionError">
            <message>
              <![CDATA[expected [200] but found [404]]]>
            </message>
            <full-stacktrace>
              <![CDATA[java.lang.AssertionError: expected [200] but found [404]
at org.testng.Assert.fail(Assert.java:111)
at org.testng.Assert.failNotEquals(Assert.java:1590)
at org.testng.Assert.assertEqualsImpl(Assert.java:150)
at org.testng.Assert.assertEquals(Assert.java:132)
at org.testng.Assert.assertEquals(Assert.java:1431)
at org.testng.Assert.assertEquals(Assert.java:1395)
at org.testng.Assert.assertEquals(Assert.java:1441)
at StepDefinition.Delete_UserFirstName.user_receives_200_ok_status(Delete_UserFirstName.java:32)
at ✽.User receives 200 OK status with success message(file:///C:/Users/chand/eclipse-workspace/API_RESTASSURED/src/test/resources/Features/Delete_UserFirstname.feature:6)
]]>
            </full-stacktrace>
          </exception> <!-- java.lang.AssertionError -->
          <reporter-output>
          </reporter-output>
        </test-method> <!-- runScenario -->
        <test-method signature="runScenario(io.cucumber.testng.PickleWrapper,io.cucumber.testng.FeatureWrapper)[pri:0, instance:Runner.TestRunner@2638011]" started-at="2025-06-13T13:07:18 CDT" name="runScenario" description="Runs Cucumber Scenarios" data-provider="scenarios" finished-at="2025-06-13T13:07:18 CDT" duration-ms="397" status="PASS">
          <params>
            <param index="0">
              <value>
                <![CDATA["Verify that the user deletion operation again after successful deletion with same userFirstName"]]>
              </value>
            </param>
            <param index="1">
              <value>
                <![CDATA["User Deletion API by userFirstName - DELETE Request Scenarios"]]>
              </value>
            </param>
          </params>
          <reporter-output>
          </reporter-output>
        </test-method> <!-- runScenario -->
        <test-method signature="runScenario(io.cucumber.testng.PickleWrapper,io.cucumber.testng.FeatureWrapper)[pri:0, instance:Runner.TestRunner@2638011]" started-at="2025-06-13T13:07:18 CDT" name="runScenario" description="Runs Cucumber Scenarios" data-provider="scenarios" finished-at="2025-06-13T13:07:19 CDT" duration-ms="918" status="PASS">
          <params>
            <param index="0">
              <value>
                <![CDATA["Verify userFirstName in response is deleted with requested userFirstName"]]>
              </value>
            </param>
            <param index="1">
              <value>
                <![CDATA["User Deletion API by userFirstName - DELETE Request Scenarios"]]>
              </value>
            </param>
          </params>
          <reporter-output>
          </reporter-output>
        </test-method> <!-- runScenario -->
        <test-method signature="runScenario(io.cucumber.testng.PickleWrapper,io.cucumber.testng.FeatureWrapper)[pri:0, instance:Runner.TestRunner@2638011]" started-at="2025-06-13T13:07:19 CDT" name="runScenario" description="Runs Cucumber Scenarios" data-provider="scenarios" finished-at="2025-06-13T13:07:20 CDT" duration-ms="394" status="PASS">
          <params>
            <param index="0">
              <value>
                <![CDATA["Verify that the user deletion operation with invalid userFirstName (alphanumeric and special characters)"]]>
              </value>
            </param>
            <param index="1">
              <value>
                <![CDATA["User Deletion API by userFirstName - DELETE Request Scenarios"]]>
              </value>
            </param>
          </params>
          <reporter-output>
          </reporter-output>
        </test-method> <!-- runScenario -->
        <test-method signature="runScenario(io.cucumber.testng.PickleWrapper,io.cucumber.testng.FeatureWrapper)[pri:0, instance:Runner.TestRunner@2638011]" started-at="2025-06-13T13:07:20 CDT" name="runScenario" description="Runs Cucumber Scenarios" data-provider="scenarios" finished-at="2025-06-13T13:07:20 CDT" duration-ms="393" status="PASS">
          <params>
            <param index="0">
              <value>
                <![CDATA["Verify that the userFirstName deletion operation with only special characters"]]>
              </value>
            </param>
            <param index="1">
              <value>
                <![CDATA["User Deletion API by userFirstName - DELETE Request Scenarios"]]>
              </value>
            </param>
          </params>
          <reporter-output>
          </reporter-output>
        </test-method> <!-- runScenario -->
        <test-method signature="runScenario(io.cucumber.testng.PickleWrapper,io.cucumber.testng.FeatureWrapper)[pri:0, instance:Runner.TestRunner@2638011]" started-at="2025-06-13T13:07:20 CDT" name="runScenario" description="Runs Cucumber Scenarios" data-provider="scenarios" finished-at="2025-06-13T13:07:20 CDT" duration-ms="414" status="PASS">
          <params>
            <param index="0">
              <value>
                <![CDATA["Verify that the userFirstName deletion operation with only digits"]]>
              </value>
            </param>
            <param index="1">
              <value>
                <![CDATA["User Deletion API by userFirstName - DELETE Request Scenarios"]]>
              </value>
            </param>
          </params>
          <reporter-output>
          </reporter-output>
        </test-method> <!-- runScenario -->
        <test-method signature="runScenario(io.cucumber.testng.PickleWrapper,io.cucumber.testng.FeatureWrapper)[pri:0, instance:Runner.TestRunner@2638011]" started-at="2025-06-13T13:07:20 CDT" name="runScenario" description="Runs Cucumber Scenarios" data-provider="scenarios" finished-at="2025-06-13T13:07:21 CDT" duration-ms="396" status="PASS">
          <params>
            <param index="0">
              <value>
                <![CDATA["Verify that the userFirstName deletion operation with non-existent/invalid userFirstName"]]>
              </value>
            </param>
            <param index="1">
              <value>
                <![CDATA["User Deletion API by userFirstName - DELETE Request Scenarios"]]>
              </value>
            </param>
          </params>
          <reporter-output>
          </reporter-output>
        </test-method> <!-- runScenario -->
        <test-method signature="runScenario(io.cucumber.testng.PickleWrapper,io.cucumber.testng.FeatureWrapper)[pri:0, instance:Runner.TestRunner@2638011]" started-at="2025-06-13T13:07:21 CDT" name="runScenario" description="Runs Cucumber Scenarios" data-provider="scenarios" finished-at="2025-06-13T13:07:21 CDT" duration-ms="507" status="PASS">
          <params>
            <param index="0">
              <value>
                <![CDATA["Verify that the userFirstName deletion operation with zero value"]]>
              </value>
            </param>
            <param index="1">
              <value>
                <![CDATA["User Deletion API by userFirstName - DELETE Request Scenarios"]]>
              </value>
            </param>
          </params>
          <reporter-output>
          </reporter-output>
        </test-method> <!-- runScenario -->
        <test-method signature="runScenario(io.cucumber.testng.PickleWrapper,io.cucumber.testng.FeatureWrapper)[pri:0, instance:Runner.TestRunner@2638011]" started-at="2025-06-13T13:07:21 CDT" name="runScenario" description="Runs Cucumber Scenarios" data-provider="scenarios" finished-at="2025-06-13T13:07:22 CDT" duration-ms="483" status="PASS">
          <params>
            <param index="0">
              <value>
                <![CDATA["Verify that the userFirstName deletion operation with negative integer value"]]>
              </value>
            </param>
            <param index="1">
              <value>
                <![CDATA["User Deletion API by userFirstName - DELETE Request Scenarios"]]>
              </value>
            </param>
          </params>
          <reporter-output>
          </reporter-output>
        </test-method> <!-- runScenario -->
        <test-method signature="runScenario(io.cucumber.testng.PickleWrapper,io.cucumber.testng.FeatureWrapper)[pri:0, instance:Runner.TestRunner@2638011]" started-at="2025-06-13T13:07:22 CDT" name="runScenario" description="Runs Cucumber Scenarios" data-provider="scenarios" finished-at="2025-06-13T13:07:22 CDT" duration-ms="386" status="PASS">
          <params>
            <param index="0">
              <value>
                <![CDATA["Verify that the userFirstName deletion operation with out of range value"]]>
              </value>
            </param>
            <param index="1">
              <value>
                <![CDATA["User Deletion API by userFirstName - DELETE Request Scenarios"]]>
              </value>
            </param>
          </params>
          <reporter-output>
          </reporter-output>
        </test-method> <!-- runScenario -->
        <test-method signature="runScenario(io.cucumber.testng.PickleWrapper,io.cucumber.testng.FeatureWrapper)[pri:0, instance:Runner.TestRunner@2638011]" started-at="2025-06-13T13:07:22 CDT" name="runScenario" description="Runs Cucumber Scenarios" data-provider="scenarios" finished-at="2025-06-13T13:07:23 CDT" duration-ms="780" status="PASS">
          <params>
            <param index="0">
              <value>
                <![CDATA["Verify the userFirstName deletion operation with invalid BaseURL"]]>
              </value>
            </param>
            <param index="1">
              <value>
                <![CDATA["User Deletion API by userFirstName - DELETE Request Scenarios"]]>
              </value>
            </param>
          </params>
          <reporter-output>
          </reporter-output>
        </test-method> <!-- runScenario -->
        <test-method signature="runScenario(io.cucumber.testng.PickleWrapper,io.cucumber.testng.FeatureWrapper)[pri:0, instance:Runner.TestRunner@2638011]" started-at="2025-06-13T13:07:23 CDT" name="runScenario" description="Runs Cucumber Scenarios" data-provider="scenarios" finished-at="2025-06-13T13:07:24 CDT" duration-ms="840" status="PASS">
          <params>
            <param index="0">
              <value>
                <![CDATA["Verify the userFirstName deletion operation with invalid Endpoint"]]>
              </value>
            </param>
            <param index="1">
              <value>
                <![CDATA["User Deletion API by userFirstName - DELETE Request Scenarios"]]>
              </value>
            </param>
          </params>
          <reporter-output>
          </reporter-output>
        </test-method> <!-- runScenario -->
        <test-method signature="runScenario(io.cucumber.testng.PickleWrapper,io.cucumber.testng.FeatureWrapper)[pri:0, instance:Runner.TestRunner@2638011]" started-at="2025-06-13T13:07:24 CDT" name="runScenario" description="Runs Cucumber Scenarios" data-provider="scenarios" finished-at="2025-06-13T13:07:25 CDT" duration-ms="763" status="PASS">
          <params>
            <param index="0">
              <value>
                <![CDATA["Verify the userFirstName deletion operation with empty Endpoint"]]>
              </value>
            </param>
            <param index="1">
              <value>
                <![CDATA["User Deletion API by userFirstName - DELETE Request Scenarios"]]>
              </value>
            </param>
          </params>
          <reporter-output>
          </reporter-output>
        </test-method> <!-- runScenario -->
        <test-method signature="runScenario(io.cucumber.testng.PickleWrapper,io.cucumber.testng.FeatureWrapper)[pri:0, instance:Runner.TestRunner@2638011]" started-at="2025-06-13T13:07:25 CDT" name="runScenario" description="Runs Cucumber Scenarios" data-provider="scenarios" finished-at="2025-06-13T13:07:25 CDT" duration-ms="523" status="FAIL">
          <params>
            <param index="0">
              <value>
                <![CDATA["Verify that the user deletion operation is successful with existing userID"]]>
              </value>
            </param>
            <param index="1">
              <value>
                <![CDATA["User Deletion API - DELETE Request Scenarios"]]>
              </value>
            </param>
          </params>
          <exception class="java.lang.AssertionError">
            <message>
              <![CDATA[expected [200] but found [404]]]>
            </message>
            <full-stacktrace>
              <![CDATA[java.lang.AssertionError: expected [200] but found [404]
at org.testng.Assert.fail(Assert.java:111)
at org.testng.Assert.failNotEquals(Assert.java:1590)
at org.testng.Assert.assertEqualsImpl(Assert.java:150)
at org.testng.Assert.assertEquals(Assert.java:132)
at org.testng.Assert.assertEquals(Assert.java:1431)
at org.testng.Assert.assertEquals(Assert.java:1395)
at org.testng.Assert.assertEquals(Assert.java:1441)
at StepDefinition.Delete_UserId.user_receives_200_ok_status(Delete_UserId.java:38)
at ✽.User receives 200 OK status with the success message(file:///C:/Users/chand/eclipse-workspace/API_RESTASSURED/src/test/resources/Features/Delete_Userid.feature:6)
]]>
            </full-stacktrace>
          </exception> <!-- java.lang.AssertionError -->
          <reporter-output>
          </reporter-output>
        </test-method> <!-- runScenario -->
        <test-method signature="runScenario(io.cucumber.testng.PickleWrapper,io.cucumber.testng.FeatureWrapper)[pri:0, instance:Runner.TestRunner@2638011]" started-at="2025-06-13T13:07:25 CDT" name="runScenario" description="Runs Cucumber Scenarios" data-provider="scenarios" finished-at="2025-06-13T13:07:26 CDT" duration-ms="369" status="PASS">
          <params>
            <param index="0">
              <value>
                <![CDATA["Verify that the user deletion operation again after successful deletion with same userID"]]>
              </value>
            </param>
            <param index="1">
              <value>
                <![CDATA["User Deletion API - DELETE Request Scenarios"]]>
              </value>
            </param>
          </params>
          <reporter-output>
          </reporter-output>
        </test-method> <!-- runScenario -->
        <test-method signature="runScenario(io.cucumber.testng.PickleWrapper,io.cucumber.testng.FeatureWrapper)[pri:0, instance:Runner.TestRunner@2638011]" started-at="2025-06-13T13:07:26 CDT" name="runScenario" description="Runs Cucumber Scenarios" data-provider="scenarios" finished-at="2025-06-13T13:07:26 CDT" duration-ms="443" status="PASS">
          <params>
            <param index="0">
              <value>
                <![CDATA["Verify userID in response is deleted with requested userID"]]>
              </value>
            </param>
            <param index="1">
              <value>
                <![CDATA["User Deletion API - DELETE Request Scenarios"]]>
              </value>
            </param>
          </params>
          <reporter-output>
          </reporter-output>
        </test-method> <!-- runScenario -->
        <test-method signature="runScenario(io.cucumber.testng.PickleWrapper,io.cucumber.testng.FeatureWrapper)[pri:0, instance:Runner.TestRunner@2638011]" started-at="2025-06-13T13:07:26 CDT" name="runScenario" description="Runs Cucumber Scenarios" data-provider="scenarios" finished-at="2025-06-13T13:07:26 CDT" duration-ms="312" status="PASS">
          <params>
            <param index="0">
              <value>
                <![CDATA["Verify that the user deletion operation with invalid userID (alphanumeric and special characters)"]]>
              </value>
            </param>
            <param index="1">
              <value>
                <![CDATA["User Deletion API - DELETE Request Scenarios"]]>
              </value>
            </param>
          </params>
          <reporter-output>
          </reporter-output>
        </test-method> <!-- runScenario -->
        <test-method signature="runScenario(io.cucumber.testng.PickleWrapper,io.cucumber.testng.FeatureWrapper)[pri:0, instance:Runner.TestRunner@2638011]" started-at="2025-06-13T13:07:26 CDT" name="runScenario" description="Runs Cucumber Scenarios" data-provider="scenarios" finished-at="2025-06-13T13:07:27 CDT" duration-ms="382" status="PASS">
          <params>
            <param index="0">
              <value>
                <![CDATA["Verify that the user deletion operation with invalid userID (only special characters)"]]>
              </value>
            </param>
            <param index="1">
              <value>
                <![CDATA["User Deletion API - DELETE Request Scenarios"]]>
              </value>
            </param>
          </params>
          <reporter-output>
          </reporter-output>
        </test-method> <!-- runScenario -->
        <test-method signature="runScenario(io.cucumber.testng.PickleWrapper,io.cucumber.testng.FeatureWrapper)[pri:0, instance:Runner.TestRunner@2638011]" started-at="2025-06-13T13:07:27 CDT" name="runScenario" description="Runs Cucumber Scenarios" data-provider="scenarios" finished-at="2025-06-13T13:07:27 CDT" duration-ms="385" status="PASS">
          <params>
            <param index="0">
              <value>
                <![CDATA["Verify that the user deletion operation with non-existent userID"]]>
              </value>
            </param>
            <param index="1">
              <value>
                <![CDATA["User Deletion API - DELETE Request Scenarios"]]>
              </value>
            </param>
          </params>
          <reporter-output>
          </reporter-output>
        </test-method> <!-- runScenario -->
        <test-method signature="runScenario(io.cucumber.testng.PickleWrapper,io.cucumber.testng.FeatureWrapper)[pri:0, instance:Runner.TestRunner@2638011]" started-at="2025-06-13T13:07:27 CDT" name="runScenario" description="Runs Cucumber Scenarios" data-provider="scenarios" finished-at="2025-06-13T13:07:28 CDT" duration-ms="414" status="PASS">
          <params>
            <param index="0">
              <value>
                <![CDATA["Verify that the user deletion operation with blank userID"]]>
              </value>
            </param>
            <param index="1">
              <value>
                <![CDATA["User Deletion API - DELETE Request Scenarios"]]>
              </value>
            </param>
          </params>
          <reporter-output>
          </reporter-output>
        </test-method> <!-- runScenario -->
        <test-method signature="runScenario(io.cucumber.testng.PickleWrapper,io.cucumber.testng.FeatureWrapper)[pri:0, instance:Runner.TestRunner@2638011]" started-at="2025-06-13T13:07:28 CDT" name="runScenario" description="Runs Cucumber Scenarios" data-provider="scenarios" finished-at="2025-06-13T13:07:28 CDT" duration-ms="511" status="PASS">
          <params>
            <param index="0">
              <value>
                <![CDATA["Verify that the user deletion operation with zero value userID"]]>
              </value>
            </param>
            <param index="1">
              <value>
                <![CDATA["User Deletion API - DELETE Request Scenarios"]]>
              </value>
            </param>
          </params>
          <reporter-output>
          </reporter-output>
        </test-method> <!-- runScenario -->
        <test-method signature="runScenario(io.cucumber.testng.PickleWrapper,io.cucumber.testng.FeatureWrapper)[pri:0, instance:Runner.TestRunner@2638011]" started-at="2025-06-13T13:07:28 CDT" name="runScenario" description="Runs Cucumber Scenarios" data-provider="scenarios" finished-at="2025-06-13T13:07:28 CDT" duration-ms="396" status="PASS">
          <params>
            <param index="0">
              <value>
                <![CDATA["Verify that the user deletion operation with negative integer userID"]]>
              </value>
            </param>
            <param index="1">
              <value>
                <![CDATA["User Deletion API - DELETE Request Scenarios"]]>
              </value>
            </param>
          </params>
          <reporter-output>
          </reporter-output>
        </test-method> <!-- runScenario -->
        <test-method signature="runScenario(io.cucumber.testng.PickleWrapper,io.cucumber.testng.FeatureWrapper)[pri:0, instance:Runner.TestRunner@2638011]" started-at="2025-06-13T13:07:28 CDT" name="runScenario" description="Runs Cucumber Scenarios" data-provider="scenarios" finished-at="2025-06-13T13:07:29 CDT" duration-ms="382" status="PASS">
          <params>
            <param index="0">
              <value>
                <![CDATA["Verify that the user deletion operation with out of range userID"]]>
              </value>
            </param>
            <param index="1">
              <value>
                <![CDATA["User Deletion API - DELETE Request Scenarios"]]>
              </value>
            </param>
          </params>
          <reporter-output>
          </reporter-output>
        </test-method> <!-- runScenario -->
        <test-method signature="runScenario(io.cucumber.testng.PickleWrapper,io.cucumber.testng.FeatureWrapper)[pri:0, instance:Runner.TestRunner@2638011]" started-at="2025-06-13T13:07:29 CDT" name="runScenario" description="Runs Cucumber Scenarios" data-provider="scenarios" finished-at="2025-06-13T13:07:29 CDT" duration-ms="302" status="PASS">
          <params>
            <param index="0">
              <value>
                <![CDATA["Verify the user deletion operation with invalid BaseURL"]]>
              </value>
            </param>
            <param index="1">
              <value>
                <![CDATA["User Deletion API - DELETE Request Scenarios"]]>
              </value>
            </param>
          </params>
          <reporter-output>
          </reporter-output>
        </test-method> <!-- runScenario -->
        <test-method signature="runScenario(io.cucumber.testng.PickleWrapper,io.cucumber.testng.FeatureWrapper)[pri:0, instance:Runner.TestRunner@2638011]" started-at="2025-06-13T13:07:29 CDT" name="runScenario" description="Runs Cucumber Scenarios" data-provider="scenarios" finished-at="2025-06-13T13:07:29 CDT" duration-ms="365" status="PASS">
          <params>
            <param index="0">
              <value>
                <![CDATA["Verify the user deletion operation with invalid Endpoint"]]>
              </value>
            </param>
            <param index="1">
              <value>
                <![CDATA["User Deletion API - DELETE Request Scenarios"]]>
              </value>
            </param>
          </params>
          <reporter-output>
          </reporter-output>
        </test-method> <!-- runScenario -->
        <test-method signature="runScenario(io.cucumber.testng.PickleWrapper,io.cucumber.testng.FeatureWrapper)[pri:0, instance:Runner.TestRunner@2638011]" started-at="2025-06-13T13:07:29 CDT" name="runScenario" description="Runs Cucumber Scenarios" data-provider="scenarios" finished-at="2025-06-13T13:07:30 CDT" duration-ms="463" status="PASS">
          <params>
            <param index="0">
              <value>
                <![CDATA["Verify the user deletion operation with empty Endpoint"]]>
              </value>
            </param>
            <param index="1">
              <value>
                <![CDATA["User Deletion API - DELETE Request Scenarios"]]>
              </value>
            </param>
          </params>
          <reporter-output>
          </reporter-output>
        </test-method> <!-- runScenario -->
        <test-method signature="runScenario(io.cucumber.testng.PickleWrapper,io.cucumber.testng.FeatureWrapper)[pri:0, instance:Runner.TestRunner@2638011]" started-at="2025-06-13T13:07:30 CDT" name="runScenario" description="Runs Cucumber Scenarios" data-provider="scenarios" finished-at="2025-06-13T13:07:30 CDT" duration-ms="378" status="PASS">
          <params>
            <param index="0">
              <value>
                <![CDATA["Get User by valid FirstName"]]>
              </value>
            </param>
            <param index="1">
              <value>
                <![CDATA["Get User by FirstName API - GET Request Scenarios"]]>
              </value>
            </param>
          </params>
          <reporter-output>
          </reporter-output>
        </test-method> <!-- runScenario -->
        <test-method signature="runScenario(io.cucumber.testng.PickleWrapper,io.cucumber.testng.FeatureWrapper)[pri:0, instance:Runner.TestRunner@2638011]" started-at="2025-06-13T13:07:30 CDT" name="runScenario" description="Runs Cucumber Scenarios" data-provider="scenarios" finished-at="2025-06-13T13:07:31 CDT" duration-ms="440" status="PASS">
          <params>
            <param index="0">
              <value>
                <![CDATA["Validate FirstName in Response Matches Requested FirstName"]]>
              </value>
            </param>
            <param index="1">
              <value>
                <![CDATA["Get User by FirstName API - GET Request Scenarios"]]>
              </value>
            </param>
          </params>
          <reporter-output>
          </reporter-output>
        </test-method> <!-- runScenario -->
        <test-method signature="runScenario(io.cucumber.testng.PickleWrapper,io.cucumber.testng.FeatureWrapper)[pri:0, instance:Runner.TestRunner@2638011]" started-at="2025-06-13T13:07:31 CDT" name="runScenario" description="Runs Cucumber Scenarios" data-provider="scenarios" finished-at="2025-06-13T13:07:31 CDT" duration-ms="416" status="PASS">
          <params>
            <param index="0">
              <value>
                <![CDATA["Validate Response Body Content-Type is JSON"]]>
              </value>
            </param>
            <param index="1">
              <value>
                <![CDATA["Get User by FirstName API - GET Request Scenarios"]]>
              </value>
            </param>
          </params>
          <reporter-output>
          </reporter-output>
        </test-method> <!-- runScenario -->
        <test-method signature="runScenario(io.cucumber.testng.PickleWrapper,io.cucumber.testng.FeatureWrapper)[pri:0, instance:Runner.TestRunner@2638011]" started-at="2025-06-13T13:07:31 CDT" name="runScenario" description="Runs Cucumber Scenarios" data-provider="scenarios" finished-at="2025-06-13T13:07:32 CDT" duration-ms="767" status="PASS">
          <params>
            <param index="0">
              <value>
                <![CDATA["Validate Required Fields in Response"]]>
              </value>
            </param>
            <param index="1">
              <value>
                <![CDATA["Get User by FirstName API - GET Request Scenarios"]]>
              </value>
            </param>
          </params>
          <reporter-output>
          </reporter-output>
        </test-method> <!-- runScenario -->
        <test-method signature="runScenario(io.cucumber.testng.PickleWrapper,io.cucumber.testng.FeatureWrapper)[pri:0, instance:Runner.TestRunner@2638011]" started-at="2025-06-13T13:07:32 CDT" name="runScenario" description="Runs Cucumber Scenarios" data-provider="scenarios" finished-at="2025-06-13T13:07:32 CDT" duration-ms="460" status="PASS">
          <params>
            <param index="0">
              <value>
                <![CDATA["Validate FirstName is String Type"]]>
              </value>
            </param>
            <param index="1">
              <value>
                <![CDATA["Get User by FirstName API - GET Request Scenarios"]]>
              </value>
            </param>
          </params>
          <reporter-output>
          </reporter-output>
        </test-method> <!-- runScenario -->
        <test-method signature="runScenario(io.cucumber.testng.PickleWrapper,io.cucumber.testng.FeatureWrapper)[pri:0, instance:Runner.TestRunner@2638011]" started-at="2025-06-13T13:07:32 CDT" name="runScenario" description="Runs Cucumber Scenarios" data-provider="scenarios" finished-at="2025-06-13T13:07:33 CDT" duration-ms="405" status="PASS">
          <params>
            <param index="0">
              <value>
                <![CDATA["Validate address_id is integer type in response"]]>
              </value>
            </param>
            <param index="1">
              <value>
                <![CDATA["Get User by FirstName API - GET Request Scenarios"]]>
              </value>
            </param>
          </params>
          <reporter-output>
          </reporter-output>
        </test-method> <!-- runScenario -->
        <test-method signature="runScenario(io.cucumber.testng.PickleWrapper,io.cucumber.testng.FeatureWrapper)[pri:0, instance:Runner.TestRunner@2638011]" started-at="2025-06-13T13:07:33 CDT" name="runScenario" description="Runs Cucumber Scenarios" data-provider="scenarios" finished-at="2025-06-13T13:07:33 CDT" duration-ms="361" status="PASS">
          <params>
            <param index="0">
              <value>
                <![CDATA["Get User with Non-Existing FirstName"]]>
              </value>
            </param>
            <param index="1">
              <value>
                <![CDATA["Get User by FirstName API - GET Request Scenarios"]]>
              </value>
            </param>
          </params>
          <reporter-output>
          </reporter-output>
        </test-method> <!-- runScenario -->
        <test-method signature="runScenario(io.cucumber.testng.PickleWrapper,io.cucumber.testng.FeatureWrapper)[pri:0, instance:Runner.TestRunner@2638011]" started-at="2025-06-13T13:07:33 CDT" name="runScenario" description="Runs Cucumber Scenarios" data-provider="scenarios" finished-at="2025-06-13T13:07:34 CDT" duration-ms="469" status="PASS">
          <params>
            <param index="0">
              <value>
                <![CDATA["Get User with Invalid FirstName Format (e.g. integer instead of string)"]]>
              </value>
            </param>
            <param index="1">
              <value>
                <![CDATA["Get User by FirstName API - GET Request Scenarios"]]>
              </value>
            </param>
          </params>
          <reporter-output>
          </reporter-output>
        </test-method> <!-- runScenario -->
        <test-method signature="runScenario(io.cucumber.testng.PickleWrapper,io.cucumber.testng.FeatureWrapper)[pri:0, instance:Runner.TestRunner@2638011]" started-at="2025-06-13T13:07:34 CDT" name="runScenario" description="Runs Cucumber Scenarios" data-provider="scenarios" finished-at="2025-06-13T13:07:34 CDT" duration-ms="401" status="PASS">
          <params>
            <param index="0">
              <value>
                <![CDATA["Get User with Invalid Endpoint"]]>
              </value>
            </param>
            <param index="1">
              <value>
                <![CDATA["Get User by FirstName API - GET Request Scenarios"]]>
              </value>
            </param>
          </params>
          <reporter-output>
          </reporter-output>
        </test-method> <!-- runScenario -->
        <test-method signature="runScenario(io.cucumber.testng.PickleWrapper,io.cucumber.testng.FeatureWrapper)[pri:0, instance:Runner.TestRunner@2638011]" started-at="2025-06-13T13:07:34 CDT" name="runScenario" description="Runs Cucumber Scenarios" data-provider="scenarios" finished-at="2025-06-13T13:07:34 CDT" duration-ms="297" status="PASS">
          <params>
            <param index="0">
              <value>
                <![CDATA["Get User without Authorization"]]>
              </value>
            </param>
            <param index="1">
              <value>
                <![CDATA["Get User by FirstName API - GET Request Scenarios"]]>
              </value>
            </param>
          </params>
          <reporter-output>
          </reporter-output>
        </test-method> <!-- runScenario -->
        <test-method signature="runScenario(io.cucumber.testng.PickleWrapper,io.cucumber.testng.FeatureWrapper)[pri:0, instance:Runner.TestRunner@2638011]" started-at="2025-06-13T13:07:34 CDT" name="runScenario" description="Runs Cucumber Scenarios" data-provider="scenarios" finished-at="2025-06-13T13:07:35 CDT" duration-ms="374" status="PASS">
          <params>
            <param index="0">
              <value>
                <![CDATA["Get User by Valid ID"]]>
              </value>
            </param>
            <param index="1">
              <value>
                <![CDATA["Get User by ID API - GET Request Scenarios"]]>
              </value>
            </param>
          </params>
          <reporter-output>
          </reporter-output>
        </test-method> <!-- runScenario -->
        <test-method signature="runScenario(io.cucumber.testng.PickleWrapper,io.cucumber.testng.FeatureWrapper)[pri:0, instance:Runner.TestRunner@2638011]" started-at="2025-06-13T13:07:35 CDT" name="runScenario" description="Runs Cucumber Scenarios" data-provider="scenarios" finished-at="2025-06-13T13:07:35 CDT" duration-ms="444" status="PASS">
          <params>
            <param index="0">
              <value>
                <![CDATA["Validate user_id in Response Matches Requested ID"]]>
              </value>
            </param>
            <param index="1">
              <value>
                <![CDATA["Get User by ID API - GET Request Scenarios"]]>
              </value>
            </param>
          </params>
          <reporter-output>
          </reporter-output>
        </test-method> <!-- runScenario -->
        <test-method signature="runScenario(io.cucumber.testng.PickleWrapper,io.cucumber.testng.FeatureWrapper)[pri:0, instance:Runner.TestRunner@2638011]" started-at="2025-06-13T13:07:35 CDT" name="runScenario" description="Runs Cucumber Scenarios" data-provider="scenarios" finished-at="2025-06-13T13:07:36 CDT" duration-ms="409" status="PASS">
          <params>
            <param index="0">
              <value>
                <![CDATA["Validate Response Body Content-Type is JSON"]]>
              </value>
            </param>
            <param index="1">
              <value>
                <![CDATA["Get User by ID API - GET Request Scenarios"]]>
              </value>
            </param>
          </params>
          <reporter-output>
          </reporter-output>
        </test-method> <!-- runScenario -->
        <test-method signature="runScenario(io.cucumber.testng.PickleWrapper,io.cucumber.testng.FeatureWrapper)[pri:0, instance:Runner.TestRunner@2638011]" started-at="2025-06-13T13:07:36 CDT" name="runScenario" description="Runs Cucumber Scenarios" data-provider="scenarios" finished-at="2025-06-13T13:07:36 CDT" duration-ms="640" status="PASS">
          <params>
            <param index="0">
              <value>
                <![CDATA["Validate Required Fields in Response"]]>
              </value>
            </param>
            <param index="1">
              <value>
                <![CDATA["Get User by ID API - GET Request Scenarios"]]>
              </value>
            </param>
          </params>
          <reporter-output>
          </reporter-output>
        </test-method> <!-- runScenario -->
        <test-method signature="runScenario(io.cucumber.testng.PickleWrapper,io.cucumber.testng.FeatureWrapper)[pri:0, instance:Runner.TestRunner@2638011]" started-at="2025-06-13T13:07:36 CDT" name="runScenario" description="Runs Cucumber Scenarios" data-provider="scenarios" finished-at="2025-06-13T13:07:37 CDT" duration-ms="475" status="PASS">
          <params>
            <param index="0">
              <value>
                <![CDATA["Validate user_id is Integer Type"]]>
              </value>
            </param>
            <param index="1">
              <value>
                <![CDATA["Get User by ID API - GET Request Scenarios"]]>
              </value>
            </param>
          </params>
          <reporter-output>
          </reporter-output>
        </test-method> <!-- runScenario -->
        <test-method signature="runScenario(io.cucumber.testng.PickleWrapper,io.cucumber.testng.FeatureWrapper)[pri:0, instance:Runner.TestRunner@2638011]" started-at="2025-06-13T13:07:37 CDT" name="runScenario" description="Runs Cucumber Scenarios" data-provider="scenarios" finished-at="2025-06-13T13:07:37 CDT" duration-ms="553" status="PASS">
          <params>
            <param index="0">
              <value>
                <![CDATA["Validate address_id is integer type in response"]]>
              </value>
            </param>
            <param index="1">
              <value>
                <![CDATA["Get User by ID API - GET Request Scenarios"]]>
              </value>
            </param>
          </params>
          <reporter-output>
          </reporter-output>
        </test-method> <!-- runScenario -->
        <test-method signature="runScenario(io.cucumber.testng.PickleWrapper,io.cucumber.testng.FeatureWrapper)[pri:0, instance:Runner.TestRunner@2638011]" started-at="2025-06-13T13:07:37 CDT" name="runScenario" description="Runs Cucumber Scenarios" data-provider="scenarios" finished-at="2025-06-13T13:07:38 CDT" duration-ms="392" status="PASS">
          <params>
            <param index="0">
              <value>
                <![CDATA["Get User with Non-Existing ID"]]>
              </value>
            </param>
            <param index="1">
              <value>
                <![CDATA["Get User by ID API - GET Request Scenarios"]]>
              </value>
            </param>
          </params>
          <reporter-output>
          </reporter-output>
        </test-method> <!-- runScenario -->
        <test-method signature="runScenario(io.cucumber.testng.PickleWrapper,io.cucumber.testng.FeatureWrapper)[pri:0, instance:Runner.TestRunner@2638011]" started-at="2025-06-13T13:07:38 CDT" name="runScenario" description="Runs Cucumber Scenarios" data-provider="scenarios" finished-at="2025-06-13T13:07:38 CDT" duration-ms="380" status="PASS">
          <params>
            <param index="0">
              <value>
                <![CDATA["Get User with Invalid ID Format (e.g. string instead of integer)"]]>
              </value>
            </param>
            <param index="1">
              <value>
                <![CDATA["Get User by ID API - GET Request Scenarios"]]>
              </value>
            </param>
          </params>
          <reporter-output>
          </reporter-output>
        </test-method> <!-- runScenario -->
        <test-method signature="runScenario(io.cucumber.testng.PickleWrapper,io.cucumber.testng.FeatureWrapper)[pri:0, instance:Runner.TestRunner@2638011]" started-at="2025-06-13T13:07:38 CDT" name="runScenario" description="Runs Cucumber Scenarios" data-provider="scenarios" finished-at="2025-06-13T13:07:38 CDT" duration-ms="372" status="PASS">
          <params>
            <param index="0">
              <value>
                <![CDATA["Get User with Invalid Endpoint"]]>
              </value>
            </param>
            <param index="1">
              <value>
                <![CDATA["Get User by ID API - GET Request Scenarios"]]>
              </value>
            </param>
          </params>
          <reporter-output>
          </reporter-output>
        </test-method> <!-- runScenario -->
        <test-method signature="runScenario(io.cucumber.testng.PickleWrapper,io.cucumber.testng.FeatureWrapper)[pri:0, instance:Runner.TestRunner@2638011]" started-at="2025-06-13T13:07:38 CDT" name="runScenario" description="Runs Cucumber Scenarios" data-provider="scenarios" finished-at="2025-06-13T13:07:39 CDT" duration-ms="297" status="PASS">
          <params>
            <param index="0">
              <value>
                <![CDATA["Get User without Authorization"]]>
              </value>
            </param>
            <param index="1">
              <value>
                <![CDATA["Get User by ID API - GET Request Scenarios"]]>
              </value>
            </param>
          </params>
          <reporter-output>
          </reporter-output>
        </test-method> <!-- runScenario -->
        <test-method signature="runScenario(io.cucumber.testng.PickleWrapper,io.cucumber.testng.FeatureWrapper)[pri:0, instance:Runner.TestRunner@2638011]" started-at="2025-06-13T13:07:39 CDT" name="runScenario" description="Runs Cucumber Scenarios" data-provider="scenarios" finished-at="2025-06-13T13:07:39 CDT" duration-ms="431" status="PASS">
          <params>
            <param index="0">
              <value>
                <![CDATA["Verify that user is able to update FirstName"]]>
              </value>
            </param>
            <param index="1">
              <value>
                <![CDATA["Update User Details API - PATCH Request Scenarios"]]>
              </value>
            </param>
          </params>
          <reporter-output>
          </reporter-output>
        </test-method> <!-- runScenario -->
        <test-method signature="runScenario(io.cucumber.testng.PickleWrapper,io.cucumber.testng.FeatureWrapper)[pri:0, instance:Runner.TestRunner@2638011]" started-at="2025-06-13T13:07:39 CDT" name="runScenario" description="Runs Cucumber Scenarios" data-provider="scenarios" finished-at="2025-06-13T13:07:40 CDT" duration-ms="505" status="PASS">
          <params>
            <param index="0">
              <value>
                <![CDATA["Verify that user is able to update LastName"]]>
              </value>
            </param>
            <param index="1">
              <value>
                <![CDATA["Update User Details API - PATCH Request Scenarios"]]>
              </value>
            </param>
          </params>
          <reporter-output>
          </reporter-output>
        </test-method> <!-- runScenario -->
        <test-method signature="runScenario(io.cucumber.testng.PickleWrapper,io.cucumber.testng.FeatureWrapper)[pri:0, instance:Runner.TestRunner@2638011]" started-at="2025-06-13T13:07:40 CDT" name="runScenario" description="Runs Cucumber Scenarios" data-provider="scenarios" finished-at="2025-06-13T13:07:40 CDT" duration-ms="529" status="PASS">
          <params>
            <param index="0">
              <value>
                <![CDATA["Verify that user is able to update contact_number"]]>
              </value>
            </param>
            <param index="1">
              <value>
                <![CDATA["Update User Details API - PATCH Request Scenarios"]]>
              </value>
            </param>
          </params>
          <reporter-output>
          </reporter-output>
        </test-method> <!-- runScenario -->
        <test-method signature="runScenario(io.cucumber.testng.PickleWrapper,io.cucumber.testng.FeatureWrapper)[pri:0, instance:Runner.TestRunner@2638011]" started-at="2025-06-13T13:07:40 CDT" name="runScenario" description="Runs Cucumber Scenarios" data-provider="scenarios" finished-at="2025-06-13T13:07:41 CDT" duration-ms="627" status="PASS">
          <params>
            <param index="0">
              <value>
                <![CDATA["Verify that user is able to update email_id"]]>
              </value>
            </param>
            <param index="1">
              <value>
                <![CDATA["Update User Details API - PATCH Request Scenarios"]]>
              </value>
            </param>
          </params>
          <reporter-output>
          </reporter-output>
        </test-method> <!-- runScenario -->
        <test-method signature="runScenario(io.cucumber.testng.PickleWrapper,io.cucumber.testng.FeatureWrapper)[pri:0, instance:Runner.TestRunner@2638011]" started-at="2025-06-13T13:07:41 CDT" name="runScenario" description="Runs Cucumber Scenarios" data-provider="scenarios" finished-at="2025-06-13T13:07:41 CDT" duration-ms="361" status="PASS">
          <params>
            <param index="0">
              <value>
                <![CDATA["Verify that user is able to update plotNumber"]]>
              </value>
            </param>
            <param index="1">
              <value>
                <![CDATA["Update User Details API - PATCH Request Scenarios"]]>
              </value>
            </param>
          </params>
          <reporter-output>
          </reporter-output>
        </test-method> <!-- runScenario -->
        <test-method signature="runScenario(io.cucumber.testng.PickleWrapper,io.cucumber.testng.FeatureWrapper)[pri:0, instance:Runner.TestRunner@2638011]" started-at="2025-06-13T13:07:41 CDT" name="runScenario" description="Runs Cucumber Scenarios" data-provider="scenarios" finished-at="2025-06-13T13:07:42 CDT" duration-ms="418" status="PASS">
          <params>
            <param index="0">
              <value>
                <![CDATA["Verify that user is able to update Street"]]>
              </value>
            </param>
            <param index="1">
              <value>
                <![CDATA["Update User Details API - PATCH Request Scenarios"]]>
              </value>
            </param>
          </params>
          <reporter-output>
          </reporter-output>
        </test-method> <!-- runScenario -->
        <test-method signature="runScenario(io.cucumber.testng.PickleWrapper,io.cucumber.testng.FeatureWrapper)[pri:0, instance:Runner.TestRunner@2638011]" started-at="2025-06-13T13:07:42 CDT" name="runScenario" description="Runs Cucumber Scenarios" data-provider="scenarios" finished-at="2025-06-13T13:07:42 CDT" duration-ms="360" status="PASS">
          <params>
            <param index="0">
              <value>
                <![CDATA["Verify that user is able to update state"]]>
              </value>
            </param>
            <param index="1">
              <value>
                <![CDATA["Update User Details API - PATCH Request Scenarios"]]>
              </value>
            </param>
          </params>
          <reporter-output>
          </reporter-output>
        </test-method> <!-- runScenario -->
        <test-method signature="runScenario(io.cucumber.testng.PickleWrapper,io.cucumber.testng.FeatureWrapper)[pri:0, instance:Runner.TestRunner@2638011]" started-at="2025-06-13T13:07:42 CDT" name="runScenario" description="Runs Cucumber Scenarios" data-provider="scenarios" finished-at="2025-06-13T13:07:42 CDT" duration-ms="408" status="PASS">
          <params>
            <param index="0">
              <value>
                <![CDATA["Verify that user is able to update Country"]]>
              </value>
            </param>
            <param index="1">
              <value>
                <![CDATA["Update User Details API - PATCH Request Scenarios"]]>
              </value>
            </param>
          </params>
          <reporter-output>
          </reporter-output>
        </test-method> <!-- runScenario -->
        <test-method signature="runScenario(io.cucumber.testng.PickleWrapper,io.cucumber.testng.FeatureWrapper)[pri:0, instance:Runner.TestRunner@2638011]" started-at="2025-06-13T13:07:42 CDT" name="runScenario" description="Runs Cucumber Scenarios" data-provider="scenarios" finished-at="2025-06-13T13:07:43 CDT" duration-ms="416" status="PASS">
          <params>
            <param index="0">
              <value>
                <![CDATA["Verify that user is able to update zipCode"]]>
              </value>
            </param>
            <param index="1">
              <value>
                <![CDATA["Update User Details API - PATCH Request Scenarios"]]>
              </value>
            </param>
          </params>
          <reporter-output>
          </reporter-output>
        </test-method> <!-- runScenario -->
        <test-method signature="runScenario(io.cucumber.testng.PickleWrapper,io.cucumber.testng.FeatureWrapper)[pri:0, instance:Runner.TestRunner@2638011]" started-at="2025-06-13T13:07:43 CDT" name="runScenario" description="Runs Cucumber Scenarios" data-provider="scenarios" finished-at="2025-06-13T13:07:43 CDT" duration-ms="364" status="PASS">
          <params>
            <param index="0">
              <value>
                <![CDATA["Verify that user is not able to update contact_number with Characters"]]>
              </value>
            </param>
            <param index="1">
              <value>
                <![CDATA["Update User Details API - PATCH Request Scenarios"]]>
              </value>
            </param>
          </params>
          <reporter-output>
          </reporter-output>
        </test-method> <!-- runScenario -->
        <test-method signature="runScenario(io.cucumber.testng.PickleWrapper,io.cucumber.testng.FeatureWrapper)[pri:0, instance:Runner.TestRunner@2638011]" started-at="2025-06-13T13:07:43 CDT" name="runScenario" description="Runs Cucumber Scenarios" data-provider="scenarios" finished-at="2025-06-13T13:07:44 CDT" duration-ms="391" status="PASS">
          <params>
            <param index="0">
              <value>
                <![CDATA["Verify that user is not able to update Invalid email_id"]]>
              </value>
            </param>
            <param index="1">
              <value>
                <![CDATA["Update User Details API - PATCH Request Scenarios"]]>
              </value>
            </param>
          </params>
          <reporter-output>
          </reporter-output>
        </test-method> <!-- runScenario -->
        <test-method signature="runScenario(io.cucumber.testng.PickleWrapper,io.cucumber.testng.FeatureWrapper)[pri:0, instance:Runner.TestRunner@2638011]" started-at="2025-06-13T13:07:44 CDT" name="runScenario" description="Runs Cucumber Scenarios" data-provider="scenarios" finished-at="2025-06-13T13:07:44 CDT" duration-ms="391" status="PASS">
          <params>
            <param index="0">
              <value>
                <![CDATA["Verify that user is not able to update Invalid state with Numeric Data"]]>
              </value>
            </param>
            <param index="1">
              <value>
                <![CDATA["Update User Details API - PATCH Request Scenarios"]]>
              </value>
            </param>
          </params>
          <reporter-output>
          </reporter-output>
        </test-method> <!-- runScenario -->
        <test-method signature="runScenario(io.cucumber.testng.PickleWrapper,io.cucumber.testng.FeatureWrapper)[pri:0, instance:Runner.TestRunner@2638011]" started-at="2025-06-13T13:07:44 CDT" name="runScenario" description="Runs Cucumber Scenarios" data-provider="scenarios" finished-at="2025-06-13T13:07:44 CDT" duration-ms="443" status="PASS">
          <params>
            <param index="0">
              <value>
                <![CDATA["Verify that user is not able to update Invalid Country with Numeric Data"]]>
              </value>
            </param>
            <param index="1">
              <value>
                <![CDATA["Update User Details API - PATCH Request Scenarios"]]>
              </value>
            </param>
          </params>
          <reporter-output>
          </reporter-output>
        </test-method> <!-- runScenario -->
        <test-method signature="runScenario(io.cucumber.testng.PickleWrapper,io.cucumber.testng.FeatureWrapper)[pri:0, instance:Runner.TestRunner@2638011]" started-at="2025-06-13T13:07:44 CDT" name="runScenario" description="Runs Cucumber Scenarios" data-provider="scenarios" finished-at="2025-06-13T13:07:45 CDT" duration-ms="364" status="PASS">
          <params>
            <param index="0">
              <value>
                <![CDATA["Verify that user is not able to update Invalid zipCode with Characters"]]>
              </value>
            </param>
            <param index="1">
              <value>
                <![CDATA["Update User Details API - PATCH Request Scenarios"]]>
              </value>
            </param>
          </params>
          <reporter-output>
          </reporter-output>
        </test-method> <!-- runScenario -->
        <test-method signature="runScenario(io.cucumber.testng.PickleWrapper,io.cucumber.testng.FeatureWrapper)[pri:0, instance:Runner.TestRunner@2638011]" started-at="2025-06-13T13:07:45 CDT" name="runScenario" description="Runs Cucumber Scenarios" data-provider="scenarios" finished-at="2025-06-13T13:07:45 CDT" duration-ms="335" status="PASS">
          <params>
            <param index="0">
              <value>
                <![CDATA["Verify that user is not able to update FirstName with invalid BaseURL"]]>
              </value>
            </param>
            <param index="1">
              <value>
                <![CDATA["Update User Details API - PATCH Request Scenarios"]]>
              </value>
            </param>
          </params>
          <reporter-output>
          </reporter-output>
        </test-method> <!-- runScenario -->
        <test-method signature="runScenario(io.cucumber.testng.PickleWrapper,io.cucumber.testng.FeatureWrapper)[pri:0, instance:Runner.TestRunner@2638011]" started-at="2025-06-13T13:07:45 CDT" name="runScenario" description="Runs Cucumber Scenarios" data-provider="scenarios" finished-at="2025-06-13T13:07:46 CDT" duration-ms="416" status="PASS">
          <params>
            <param index="0">
              <value>
                <![CDATA["Verify that user is not able to update FirstName with valid BaseURL, Invalid EndPoint"]]>
              </value>
            </param>
            <param index="1">
              <value>
                <![CDATA["Update User Details API - PATCH Request Scenarios"]]>
              </value>
            </param>
          </params>
          <reporter-output>
          </reporter-output>
        </test-method> <!-- runScenario -->
        <test-method signature="runScenario(io.cucumber.testng.PickleWrapper,io.cucumber.testng.FeatureWrapper)[pri:0, instance:Runner.TestRunner@2638011]" started-at="2025-06-13T13:07:46 CDT" name="runScenario" description="Runs Cucumber Scenarios" data-provider="scenarios" finished-at="2025-06-13T13:07:46 CDT" duration-ms="417" status="PASS">
          <params>
            <param index="0">
              <value>
                <![CDATA["Verify that user is not able to update FirstName with valid BaseURL, empty EndPoint"]]>
              </value>
            </param>
            <param index="1">
              <value>
                <![CDATA["Update User Details API - PATCH Request Scenarios"]]>
              </value>
            </param>
          </params>
          <reporter-output>
          </reporter-output>
        </test-method> <!-- runScenario -->
        <test-method signature="runScenario(io.cucumber.testng.PickleWrapper,io.cucumber.testng.FeatureWrapper)[pri:0, instance:Runner.TestRunner@2638011]" started-at="2025-06-13T13:07:46 CDT" name="runScenario" description="Runs Cucumber Scenarios" data-provider="scenarios" finished-at="2025-06-13T13:07:46 CDT" duration-ms="370" status="PASS">
          <params>
            <param index="0">
              <value>
                <![CDATA["Verify that user is not able to update FirstName with BaseURL, valid Endpoint and No Auth"]]>
              </value>
            </param>
            <param index="1">
              <value>
                <![CDATA["Update User Details API - PATCH Request Scenarios"]]>
              </value>
            </param>
          </params>
          <reporter-output>
          </reporter-output>
        </test-method> <!-- runScenario -->
        <test-method signature="runScenario(io.cucumber.testng.PickleWrapper,io.cucumber.testng.FeatureWrapper)[pri:0, instance:Runner.TestRunner@2638011]" started-at="2025-06-13T13:07:46 CDT" name="runScenario" description="Runs Cucumber Scenarios" data-provider="scenarios" finished-at="2025-06-13T13:07:47 CDT" duration-ms="305" status="PASS">
          <params>
            <param index="0">
              <value>
                <![CDATA["Add a new user without Authorization"]]>
              </value>
            </param>
            <param index="1">
              <value>
                <![CDATA["Add New User API - Negative Scenarios"]]>
              </value>
            </param>
          </params>
          <reporter-output>
          </reporter-output>
        </test-method> <!-- runScenario -->
        <test-method signature="runScenario(io.cucumber.testng.PickleWrapper,io.cucumber.testng.FeatureWrapper)[pri:0, instance:Runner.TestRunner@2638011]" started-at="2025-06-13T13:07:47 CDT" name="runScenario" description="Runs Cucumber Scenarios" data-provider="scenarios" finished-at="2025-06-13T13:07:47 CDT" duration-ms="293" status="PASS">
          <params>
            <param index="0">
              <value>
                <![CDATA["Add a new user with invalid BaseURL"]]>
              </value>
            </param>
            <param index="1">
              <value>
                <![CDATA["Add New User API - Negative Scenarios"]]>
              </value>
            </param>
          </params>
          <reporter-output>
          </reporter-output>
        </test-method> <!-- runScenario -->
        <test-method signature="runScenario(io.cucumber.testng.PickleWrapper,io.cucumber.testng.FeatureWrapper)[pri:0, instance:Runner.TestRunner@2638011]" started-at="2025-06-13T13:07:47 CDT" name="runScenario" description="Runs Cucumber Scenarios" data-provider="scenarios" finished-at="2025-06-13T13:07:47 CDT" duration-ms="410" status="PASS">
          <params>
            <param index="0">
              <value>
                <![CDATA["Add a new user with invalid endpoint"]]>
              </value>
            </param>
            <param index="1">
              <value>
                <![CDATA["Add New User API - Negative Scenarios"]]>
              </value>
            </param>
          </params>
          <reporter-output>
          </reporter-output>
        </test-method> <!-- runScenario -->
        <test-method signature="runScenario(io.cucumber.testng.PickleWrapper,io.cucumber.testng.FeatureWrapper)[pri:0, instance:Runner.TestRunner@2638011]" started-at="2025-06-13T13:07:47 CDT" name="runScenario" description="Runs Cucumber Scenarios" data-provider="scenarios" finished-at="2025-06-13T13:07:48 CDT" duration-ms="435" status="PASS">
          <params>
            <param index="0">
              <value>
                <![CDATA["Add a new user with empty endpoint"]]>
              </value>
            </param>
            <param index="1">
              <value>
                <![CDATA["Add New User API - Negative Scenarios"]]>
              </value>
            </param>
          </params>
          <reporter-output>
          </reporter-output>
        </test-method> <!-- runScenario -->
        <test-method signature="runScenario(io.cucumber.testng.PickleWrapper,io.cucumber.testng.FeatureWrapper)[pri:0, instance:Runner.TestRunner@2638011]" started-at="2025-06-13T13:07:48 CDT" name="runScenario" description="Runs Cucumber Scenarios" data-provider="scenarios" finished-at="2025-06-13T13:07:48 CDT" duration-ms="379" status="FAIL">
          <params>
            <param index="0">
              <value>
                <![CDATA["Add a new user with empty request body"]]>
              </value>
            </param>
            <param index="1">
              <value>
                <![CDATA["Add New User API - Negative Scenarios"]]>
              </value>
            </param>
          </params>
          <exception class="java.lang.AssertionError">
            <message>
              <![CDATA[expected [400] but found [500]]]>
            </message>
            <full-stacktrace>
              <![CDATA[java.lang.AssertionError: expected [400] but found [500]
at org.testng.Assert.fail(Assert.java:111)
at org.testng.Assert.failNotEquals(Assert.java:1590)
at org.testng.Assert.assertEqualsImpl(Assert.java:150)
at org.testng.Assert.assertEquals(Assert.java:132)
at org.testng.Assert.assertEquals(Assert.java:1431)
at org.testng.Assert.assertEquals(Assert.java:1395)
at org.testng.Assert.assertEquals(Assert.java:1441)
at StepDefinition.PostNegative_CreateUsers.user_receives_400_bad_request_status_with_appropriate_message(PostNegative_CreateUsers.java:186)
at ✽.User receives 400 Bad Request status with appropriate message(file:///C:/Users/chand/eclipse-workspace/API_RESTASSURED/src/test/resources/Features/Post_Negative.feature:26)
]]>
            </full-stacktrace>
          </exception> <!-- java.lang.AssertionError -->
          <reporter-output>
          </reporter-output>
        </test-method> <!-- runScenario -->
        <test-method signature="runScenario(io.cucumber.testng.PickleWrapper,io.cucumber.testng.FeatureWrapper)[pri:0, instance:Runner.TestRunner@2638011]" started-at="2025-06-13T13:07:48 CDT" name="runScenario" description="Runs Cucumber Scenarios" data-provider="scenarios" finished-at="2025-06-13T13:07:49 CDT" duration-ms="376" status="FAIL">
          <params>
            <param index="0">
              <value>
                <![CDATA["Add a new user with only optional fields"]]>
              </value>
            </param>
            <param index="1">
              <value>
                <![CDATA["Add New User API - Negative Scenarios"]]>
              </value>
            </param>
          </params>
          <exception class="java.lang.AssertionError">
            <message>
              <![CDATA[expected [400] but found [500]]]>
            </message>
            <full-stacktrace>
              <![CDATA[java.lang.AssertionError: expected [400] but found [500]
at org.testng.Assert.fail(Assert.java:111)
at org.testng.Assert.failNotEquals(Assert.java:1590)
at org.testng.Assert.assertEqualsImpl(Assert.java:150)
at org.testng.Assert.assertEquals(Assert.java:132)
at org.testng.Assert.assertEquals(Assert.java:1431)
at org.testng.Assert.assertEquals(Assert.java:1395)
at org.testng.Assert.assertEquals(Assert.java:1441)
at StepDefinition.PostNegative_CreateUsers.user_receives_400_bad_request_status_with_appropriate_message(PostNegative_CreateUsers.java:186)
at ✽.User receives 400 Bad Request status with appropriate message(file:///C:/Users/chand/eclipse-workspace/API_RESTASSURED/src/test/resources/Features/Post_Negative.feature:31)
]]>
            </full-stacktrace>
          </exception> <!-- java.lang.AssertionError -->
          <reporter-output>
          </reporter-output>
        </test-method> <!-- runScenario -->
        <test-method signature="runScenario(io.cucumber.testng.PickleWrapper,io.cucumber.testng.FeatureWrapper)[pri:0, instance:Runner.TestRunner@2638011]" started-at="2025-06-13T13:07:49 CDT" name="runScenario" description="Runs Cucumber Scenarios" data-provider="scenarios" finished-at="2025-06-13T13:07:49 CDT" duration-ms="462" status="PASS">
          <params>
            <param index="0">
              <value>
                <![CDATA["Add a new user with existing email and contact"]]>
              </value>
            </param>
            <param index="1">
              <value>
                <![CDATA["Add New User API - Negative Scenarios"]]>
              </value>
            </param>
          </params>
          <reporter-output>
          </reporter-output>
        </test-method> <!-- runScenario -->
        <test-method signature="runScenario(io.cucumber.testng.PickleWrapper,io.cucumber.testng.FeatureWrapper)[pri:0, instance:Runner.TestRunner@2638011]" started-at="2025-06-13T13:07:49 CDT" name="runScenario" description="Runs Cucumber Scenarios" data-provider="scenarios" finished-at="2025-06-13T13:07:49 CDT" duration-ms="410" status="PASS">
          <params>
            <param index="0">
              <value>
                <![CDATA["Add a new user with invalid first name"]]>
              </value>
            </param>
            <param index="1">
              <value>
                <![CDATA["Add New User API - Negative Scenarios"]]>
              </value>
            </param>
          </params>
          <reporter-output>
          </reporter-output>
        </test-method> <!-- runScenario -->
        <test-method signature="runScenario(io.cucumber.testng.PickleWrapper,io.cucumber.testng.FeatureWrapper)[pri:0, instance:Runner.TestRunner@2638011]" started-at="2025-06-13T13:07:49 CDT" name="runScenario" description="Runs Cucumber Scenarios" data-provider="scenarios" finished-at="2025-06-13T13:07:49 CDT" duration-ms="25" status="FAIL">
          <params>
            <param index="0">
              <value>
                <![CDATA["Add a new user with invalid last name"]]>
              </value>
            </param>
            <param index="1">
              <value>
                <![CDATA["Add New User API - Negative Scenarios"]]>
              </value>
            </param>
          </params>
          <exception class="java.lang.RuntimeException">
            <message>
              <![CDATA[JSON object is null. Check the file path or contents.]]>
            </message>
            <full-stacktrace>
              <![CDATA[java.lang.RuntimeException: JSON object is null. Check the file path or contents.
at StepDefinition.PostNegative_CreateUsers.sendRequest(PostNegative_CreateUsers.java:193)
at StepDefinition.PostNegative_CreateUsers.sendInvalidLastName(PostNegative_CreateUsers.java:92)
at ✽.User sends the POST request with invalid last name(file:///C:/Users/chand/eclipse-workspace/API_RESTASSURED/src/test/resources/Features/Post_Negative.feature:45)
]]>
            </full-stacktrace>
          </exception> <!-- java.lang.RuntimeException -->
          <reporter-output>
          </reporter-output>
        </test-method> <!-- runScenario -->
        <test-method signature="runScenario(io.cucumber.testng.PickleWrapper,io.cucumber.testng.FeatureWrapper)[pri:0, instance:Runner.TestRunner@2638011]" started-at="2025-06-13T13:07:49 CDT" name="runScenario" description="Runs Cucumber Scenarios" data-provider="scenarios" finished-at="2025-06-13T13:07:49 CDT" duration-ms="13" status="FAIL">
          <params>
            <param index="0">
              <value>
                <![CDATA["Add a new user with special characters in contact number"]]>
              </value>
            </param>
            <param index="1">
              <value>
                <![CDATA["Add New User API - Negative Scenarios"]]>
              </value>
            </param>
          </params>
          <exception class="java.lang.RuntimeException">
            <message>
              <![CDATA[JSON object is null. Check the file path or contents.]]>
            </message>
            <full-stacktrace>
              <![CDATA[java.lang.RuntimeException: JSON object is null. Check the file path or contents.
at StepDefinition.PostNegative_CreateUsers.sendRequest(PostNegative_CreateUsers.java:193)
at StepDefinition.PostNegative_CreateUsers.sendSpecialCharInContact(PostNegative_CreateUsers.java:100)
at ✽.User sends the POST request with special characters in contact number(file:///C:/Users/chand/eclipse-workspace/API_RESTASSURED/src/test/resources/Features/Post_Negative.feature:50)
]]>
            </full-stacktrace>
          </exception> <!-- java.lang.RuntimeException -->
          <reporter-output>
          </reporter-output>
        </test-method> <!-- runScenario -->
        <test-method signature="runScenario(io.cucumber.testng.PickleWrapper,io.cucumber.testng.FeatureWrapper)[pri:0, instance:Runner.TestRunner@2638011]" started-at="2025-06-13T13:07:49 CDT" name="runScenario" description="Runs Cucumber Scenarios" data-provider="scenarios" finished-at="2025-06-13T13:07:50 CDT" duration-ms="442" status="PASS">
          <params>
            <param index="0">
              <value>
                <![CDATA["Add a new user with contact number less than 10 digits"]]>
              </value>
            </param>
            <param index="1">
              <value>
                <![CDATA["Add New User API - Negative Scenarios"]]>
              </value>
            </param>
          </params>
          <reporter-output>
          </reporter-output>
        </test-method> <!-- runScenario -->
        <test-method signature="runScenario(io.cucumber.testng.PickleWrapper,io.cucumber.testng.FeatureWrapper)[pri:0, instance:Runner.TestRunner@2638011]" started-at="2025-06-13T13:07:50 CDT" name="runScenario" description="Runs Cucumber Scenarios" data-provider="scenarios" finished-at="2025-06-13T13:07:50 CDT" duration-ms="433" status="PASS">
          <params>
            <param index="0">
              <value>
                <![CDATA["Add a new user with contact number more than 10 digits"]]>
              </value>
            </param>
            <param index="1">
              <value>
                <![CDATA["Add New User API - Negative Scenarios"]]>
              </value>
            </param>
          </params>
          <reporter-output>
          </reporter-output>
        </test-method> <!-- runScenario -->
        <test-method signature="runScenario(io.cucumber.testng.PickleWrapper,io.cucumber.testng.FeatureWrapper)[pri:0, instance:Runner.TestRunner@2638011]" started-at="2025-06-13T13:07:50 CDT" name="runScenario" description="Runs Cucumber Scenarios" data-provider="scenarios" finished-at="2025-06-13T13:07:51 CDT" duration-ms="352" status="PASS">
          <params>
            <param index="0">
              <value>
                <![CDATA["Add a new user with integer plot number"]]>
              </value>
            </param>
            <param index="1">
              <value>
                <![CDATA["Add New User API - Negative Scenarios"]]>
              </value>
            </param>
          </params>
          <reporter-output>
          </reporter-output>
        </test-method> <!-- runScenario -->
        <test-method signature="runScenario(io.cucumber.testng.PickleWrapper,io.cucumber.testng.FeatureWrapper)[pri:0, instance:Runner.TestRunner@2638011]" started-at="2025-06-13T13:07:51 CDT" name="runScenario" description="Runs Cucumber Scenarios" data-provider="scenarios" finished-at="2025-06-13T13:07:51 CDT" duration-ms="398" status="PASS">
          <params>
            <param index="0">
              <value>
                <![CDATA["Add a new user with special characters in street name"]]>
              </value>
            </param>
            <param index="1">
              <value>
                <![CDATA["Add New User API - Negative Scenarios"]]>
              </value>
            </param>
          </params>
          <reporter-output>
          </reporter-output>
        </test-method> <!-- runScenario -->
        <test-method signature="runScenario(io.cucumber.testng.PickleWrapper,io.cucumber.testng.FeatureWrapper)[pri:0, instance:Runner.TestRunner@2638011]" started-at="2025-06-13T13:07:51 CDT" name="runScenario" description="Runs Cucumber Scenarios" data-provider="scenarios" finished-at="2025-06-13T13:07:52 CDT" duration-ms="463" status="PASS">
          <params>
            <param index="0">
              <value>
                <![CDATA["Add a new user with numeric state value"]]>
              </value>
            </param>
            <param index="1">
              <value>
                <![CDATA["Add New User API - Negative Scenarios"]]>
              </value>
            </param>
          </params>
          <reporter-output>
          </reporter-output>
        </test-method> <!-- runScenario -->
        <test-method signature="runScenario(io.cucumber.testng.PickleWrapper,io.cucumber.testng.FeatureWrapper)[pri:0, instance:Runner.TestRunner@2638011]" started-at="2025-06-13T13:07:52 CDT" name="runScenario" description="Runs Cucumber Scenarios" data-provider="scenarios" finished-at="2025-06-13T13:07:52 CDT" duration-ms="462" status="PASS">
          <params>
            <param index="0">
              <value>
                <![CDATA["Add a new user with numeric country value"]]>
              </value>
            </param>
            <param index="1">
              <value>
                <![CDATA["Add New User API - Negative Scenarios"]]>
              </value>
            </param>
          </params>
          <reporter-output>
          </reporter-output>
        </test-method> <!-- runScenario -->
        <test-method signature="runScenario(io.cucumber.testng.PickleWrapper,io.cucumber.testng.FeatureWrapper)[pri:0, instance:Runner.TestRunner@2638011]" started-at="2025-06-13T13:07:52 CDT" name="runScenario" description="Runs Cucumber Scenarios" data-provider="scenarios" finished-at="2025-06-13T13:07:52 CDT" duration-ms="448" status="FAIL">
          <params>
            <param index="0">
              <value>
                <![CDATA["Add a new user with special characters in zip code"]]>
              </value>
            </param>
            <param index="1">
              <value>
                <![CDATA["Add New User API - Negative Scenarios"]]>
              </value>
            </param>
          </params>
          <exception class="java.lang.AssertionError">
            <message>
              <![CDATA[expected [true] but found [false]]]>
            </message>
            <full-stacktrace>
              <![CDATA[java.lang.AssertionError: expected [true] but found [false]
at org.testng.Assert.fail(Assert.java:111)
at org.testng.Assert.failNotEquals(Assert.java:1590)
at org.testng.Assert.assertTrue(Assert.java:57)
at org.testng.Assert.assertTrue(Assert.java:67)
at StepDefinition.PostNegative_CreateUsers.user_receives_400_bad_request_status_with_appropriate_message(PostNegative_CreateUsers.java:187)
at ✽.User receives 400 Bad Request status with appropriate message(file:///C:/Users/chand/eclipse-workspace/API_RESTASSURED/src/test/resources/Features/Post_Negative.feature:86)
]]>
            </full-stacktrace>
          </exception> <!-- java.lang.AssertionError -->
          <reporter-output>
          </reporter-output>
        </test-method> <!-- runScenario -->
        <test-method signature="runScenario(io.cucumber.testng.PickleWrapper,io.cucumber.testng.FeatureWrapper)[pri:0, instance:Runner.TestRunner@2638011]" started-at="2025-06-13T13:07:52 CDT" name="runScenario" description="Runs Cucumber Scenarios" data-provider="scenarios" finished-at="2025-06-13T13:07:53 CDT" duration-ms="404" status="PASS">
          <params>
            <param index="0">
              <value>
                <![CDATA["Update user details with valid BaseURL and valid Endpoints"]]>
              </value>
            </param>
            <param index="1">
              <value>
                <![CDATA["Update User Details API - PUT Request Scenarios"]]>
              </value>
            </param>
          </params>
          <reporter-output>
          </reporter-output>
        </test-method> <!-- runScenario -->
        <test-method signature="runScenario(io.cucumber.testng.PickleWrapper,io.cucumber.testng.FeatureWrapper)[pri:0, instance:Runner.TestRunner@2638011]" started-at="2025-06-13T13:07:53 CDT" name="runScenario" description="Runs Cucumber Scenarios" data-provider="scenarios" finished-at="2025-06-13T13:07:53 CDT" duration-ms="413" status="PASS">
          <params>
            <param index="0">
              <value>
                <![CDATA["UPDATE user details with no request body"]]>
              </value>
            </param>
            <param index="1">
              <value>
                <![CDATA["Update User Details API - PUT Request Scenarios"]]>
              </value>
            </param>
          </params>
          <reporter-output>
          </reporter-output>
        </test-method> <!-- runScenario -->
        <test-method signature="runScenario(io.cucumber.testng.PickleWrapper,io.cucumber.testng.FeatureWrapper)[pri:0, instance:Runner.TestRunner@2638011]" started-at="2025-06-13T13:07:53 CDT" name="runScenario" description="Runs Cucumber Scenarios" data-provider="scenarios" finished-at="2025-06-13T13:07:54 CDT" duration-ms="410" status="FAIL">
          <params>
            <param index="0">
              <value>
                <![CDATA["UPDATE user details with duplicate contact number"]]>
              </value>
            </param>
            <param index="1">
              <value>
                <![CDATA["Update User Details API - PUT Request Scenarios"]]>
              </value>
            </param>
          </params>
          <exception class="java.lang.AssertionError">
            <message>
              <![CDATA[Expected status code 409 but got 200 expected [409] but found [200]]]>
            </message>
            <full-stacktrace>
              <![CDATA[java.lang.AssertionError: Expected status code 409 but got 200 expected [409] but found [200]
at org.testng.Assert.fail(Assert.java:111)
at org.testng.Assert.failNotEquals(Assert.java:1590)
at org.testng.Assert.assertEqualsImpl(Assert.java:150)
at org.testng.Assert.assertEquals(Assert.java:132)
at org.testng.Assert.assertEquals(Assert.java:1431)
at org.testng.Assert.assertEquals(Assert.java:1395)
at StepDefinition.Put_UserId.validateStatusCode(Put_UserId.java:90)
at ✽.User should receive status code 409(file:///C:/Users/chand/eclipse-workspace/API_RESTASSURED/src/test/resources/Features/Put_userid.feature:16)
]]>
            </full-stacktrace>
          </exception> <!-- java.lang.AssertionError -->
          <reporter-output>
          </reporter-output>
        </test-method> <!-- runScenario -->
        <test-method signature="runScenario(io.cucumber.testng.PickleWrapper,io.cucumber.testng.FeatureWrapper)[pri:0, instance:Runner.TestRunner@2638011]" started-at="2025-06-13T13:07:54 CDT" name="runScenario" description="Runs Cucumber Scenarios" data-provider="scenarios" finished-at="2025-06-13T13:07:54 CDT" duration-ms="441" status="PASS">
          <params>
            <param index="0">
              <value>
[...]
          <params>
            <param index="0">
              <value>
                <![CDATA["Validate user_id is integer type in response"]]>
              </value>
            </param>
            <param index="1">
              <value>
                <![CDATA["Get All Users API - GET Request Scenarios"]]>
              </value>
            </param>
          </params>
          <exception class="java.lang.AssertionError">
            <message>
              <![CDATA[expected [true] but found [false]]]>
            </message>
            <full-stacktrace>
              <![CDATA[java.lang.AssertionError: expected [true] but found [false]
at org.testng.Assert.fail(Assert.java:111)
at org.testng.Assert.failNotEquals(Assert.java:1590)
at org.testng.Assert.assertTrue(Assert.java:57)
at org.testng.Assert.assertTrue(Assert.java:67)
at StepDefinition.Get_Users.validate_user_id_type_integer(Get_Users.java:86)
at ✽.user_id is of integer type with the status code 200 OK(file:///C:/Users/chand/eclipse-workspace/API_RESTASSURED/src/test/resources/Features/get.allusers.feature:21)
]]>
            </full-stacktrace>
          </exception> <!-- java.lang.AssertionError -->
          <reporter-output>
          </reporter-output>
        </test-method> <!-- runScenario -->
        <test-method signature="runScenario(io.cucumber.testng.PickleWrapper,io.cucumber.testng.FeatureWrapper)[pri:0, instance:Runner.TestRunner@2638011]" started-at="2025-06-13T13:08:13 CDT" name="runScenario" description="Runs Cucumber Scenarios" data-provider="scenarios" finished-at="2025-06-13T13:08:15 CDT" duration-ms="1557" status="FAIL">
          <params>
            <param index="0">
              <value>
                <![CDATA["Validate address_id is integer type in response"]]>
              </value>
            </param>
            <param index="1">
              <value>
                <![CDATA["Get All Users API - GET Request Scenarios"]]>
              </value>
            </param>
          </params>
          <exception class="java.lang.AssertionError">
            <message>
              <![CDATA[addressId should be a number expected [true] but found [false]]]>
            </message>
            <full-stacktrace>
              <![CDATA[java.lang.AssertionError: addressId should be a number expected [true] but found [false]
at org.testng.Assert.fail(Assert.java:111)
at org.testng.Assert.failNotEquals(Assert.java:1590)
at org.testng.Assert.assertTrue(Assert.java:57)
at StepDefinition.Get_Users.validate_address_id_type_integer(Get_Users.java:93)
at ✽.address_id is of integer type with the status code 200 OK(file:///C:/Users/chand/eclipse-workspace/API_RESTASSURED/src/test/resources/Features/get.allusers.feature:26)
]]>
            </full-stacktrace>
          </exception> <!-- java.lang.AssertionError -->
          <reporter-output>
          </reporter-output>
        </test-method> <!-- runScenario -->
        <test-method signature="runScenario(io.cucumber.testng.PickleWrapper,io.cucumber.testng.FeatureWrapper)[pri:0, instance:Runner.TestRunner@2638011]" started-at="2025-06-13T13:08:15 CDT" name="runScenario" description="Runs Cucumber Scenarios" data-provider="scenarios" finished-at="2025-06-13T13:08:15 CDT" duration-ms="398" status="PASS">
          <params>
            <param index="0">
              <value>
                <![CDATA["Get Users with Invalid Endpoint"]]>
              </value>
            </param>
            <param index="1">
              <value>
                <![CDATA["Get All Users API - GET Request Scenarios"]]>
              </value>
            </param>
          </params>
          <reporter-output>
          </reporter-output>
        </test-method> <!-- runScenario -->
        <test-method signature="runScenario(io.cucumber.testng.PickleWrapper,io.cucumber.testng.FeatureWrapper)[pri:0, instance:Runner.TestRunner@2638011]" started-at="2025-06-13T13:08:15 CDT" name="runScenario" description="Runs Cucumber Scenarios" data-provider="scenarios" finished-at="2025-06-13T13:08:15 CDT" duration-ms="368" status="PASS">
          <params>
            <param index="0">
              <value>
                <![CDATA["Get Users with Empty Endpoint"]]>
              </value>
            </param>
            <param index="1">
              <value>
                <![CDATA["Get All Users API - GET Request Scenarios"]]>
              </value>
            </param>
          </params>
          <reporter-output>
          </reporter-output>
        </test-method> <!-- runScenario -->
        <test-method signature="runScenario(io.cucumber.testng.PickleWrapper,io.cucumber.testng.FeatureWrapper)[pri:0, instance:Runner.TestRunner@2638011]" started-at="2025-06-13T13:08:15 CDT" name="runScenario" description="Runs Cucumber Scenarios" data-provider="scenarios" finished-at="2025-06-13T13:08:16 CDT" duration-ms="285" status="PASS">
          <params>
            <param index="0">
              <value>
                <![CDATA["Get USERS without Authorization and receives 401"]]>
              </value>
            </param>
            <param index="1">
              <value>
                <![CDATA["Get All Users API - GET Request Scenarios"]]>
              </value>
            </param>
          </params>
          <reporter-output>
          </reporter-output>
        </test-method> <!-- runScenario -->
        <test-method signature="runScenario(io.cucumber.testng.PickleWrapper,io.cucumber.testng.FeatureWrapper)[pri:0, instance:Runner.TestRunner@2638011]" started-at="2025-06-13T13:08:16 CDT" name="runScenario" description="Runs Cucumber Scenarios" data-provider="scenarios" finished-at="2025-06-13T13:08:16 CDT" duration-ms="278" status="FAIL">
          <params>
            <param index="0">
              <value>
                <![CDATA["Get Users with Invalid Base URL"]]>
              </value>
            </param>
            <param index="1">
              <value>
                <![CDATA["Get All Users API - GET Request Scenarios"]]>
              </value>
            </param>
          </params>
          <exception class="java.lang.AssertionError">
            <message>
              <![CDATA[expected [true] but found [false]]]>
            </message>
            <full-stacktrace>
              <![CDATA[java.lang.AssertionError: expected [true] but found [false]
at org.testng.Assert.fail(Assert.java:111)
at org.testng.Assert.failNotEquals(Assert.java:1590)
at org.testng.Assert.assertTrue(Assert.java:57)
at org.testng.Assert.assertTrue(Assert.java:67)
at StepDefinition.Get_Users.validate_404_with_invalid_baseurl(Get_Users.java:142)
at ✽.User receives 404 Not Found status with error message(file:///C:/Users/chand/eclipse-workspace/API_RESTASSURED/src/test/resources/Features/get.allusers.feature:46)
]]>
            </full-stacktrace>
          </exception> <!-- java.lang.AssertionError -->
          <reporter-output>
          </reporter-output>
        </test-method> <!-- runScenario -->
        <test-method signature="runScenario(io.cucumber.testng.PickleWrapper,io.cucumber.testng.FeatureWrapper)[pri:0, instance:Runner.TestRunner@2638011]" started-at="2025-06-13T13:08:16 CDT" name="runScenario" description="Runs Cucumber Scenarios" data-provider="scenarios" finished-at="2025-06-13T13:08:17 CDT" duration-ms="799" status="PASS">
          <params>
            <param index="0">
              <value>
                <![CDATA["Add a new user with all mandatory and optional fields"]]>
              </value>
            </param>
            <param index="1">
              <value>
                <![CDATA["Add New User API - Positive Scenarios"]]>
              </value>
            </param>
          </params>
          <reporter-output>
          </reporter-output>
        </test-method> <!-- runScenario -->
        <test-method signature="runScenario(io.cucumber.testng.PickleWrapper,io.cucumber.testng.FeatureWrapper)[pri:0, instance:Runner.TestRunner@2638011]" started-at="2025-06-13T13:08:17 CDT" name="runScenario" description="Runs Cucumber Scenarios" data-provider="scenarios" finished-at="2025-06-13T13:08:17 CDT" duration-ms="503" status="FAIL">
          <params>
            <param index="0">
              <value>
                <![CDATA["Add a new user with only mandatory fields"]]>
              </value>
            </param>
            <param index="1">
              <value>
                <![CDATA["Add New User API - Positive Scenarios"]]>
              </value>
            </param>
          </params>
          <exception class="java.lang.AssertionError">
            <message>
              <![CDATA[Expected status code 201 but got 500 expected [201] but found [500]]]>
            </message>
            <full-stacktrace>
              <![CDATA[java.lang.AssertionError: Expected status code 201 but got 500 expected [201] but found [500]
at org.testng.Assert.fail(Assert.java:111)
at org.testng.Assert.failNotEquals(Assert.java:1590)
at org.testng.Assert.assertEqualsImpl(Assert.java:150)
at org.testng.Assert.assertEquals(Assert.java:132)
at org.testng.Assert.assertEquals(Assert.java:1431)
at org.testng.Assert.assertEquals(Assert.java:1395)
at StepDefinition.PostPositive_CreateUsers.validateResponse(PostPositive_CreateUsers.java:112)
at ✽.User receives 201 Created status(file:///C:/Users/chand/eclipse-workspace/API_RESTASSURED/src/test/resources/Features/post_positive.feature:11)
]]>
            </full-stacktrace>
          </exception> <!-- java.lang.AssertionError -->
          <reporter-output>
          </reporter-output>
        </test-method> <!-- runScenario -->
        <test-method signature="runScenario(io.cucumber.testng.PickleWrapper,io.cucumber.testng.FeatureWrapper)[pri:0, instance:Runner.TestRunner@2638011]" started-at="2025-06-13T13:08:17 CDT" name="runScenario" description="Runs Cucumber Scenarios" data-provider="scenarios" finished-at="2025-06-13T13:08:18 CDT" duration-ms="798" status="PASS">
          <params>
            <param index="0">
              <value>
                <![CDATA["Validate autogenerated user_id in response"]]>
              </value>
            </param>
            <param index="1">
              <value>
                <![CDATA["Add New User API - Positive Scenarios"]]>
              </value>
            </param>
          </params>
          <reporter-output>
          </reporter-output>
        </test-method> <!-- runScenario -->
        <test-method signature="runScenario(io.cucumber.testng.PickleWrapper,io.cucumber.testng.FeatureWrapper)[pri:0, instance:Runner.TestRunner@2638011]" started-at="2025-06-13T13:08:18 CDT" name="runScenario" description="Runs Cucumber Scenarios" data-provider="scenarios" finished-at="2025-06-13T13:08:19 CDT" duration-ms="737" status="PASS">
          <params>
            <param index="0">
              <value>
                <![CDATA["Validate autogenerated addressID in response"]]>
              </value>
            </param>
            <param index="1">
              <value>
                <![CDATA["Add New User API - Positive Scenarios"]]>
              </value>
            </param>
          </params>
          <reporter-output>
          </reporter-output>
        </test-method> <!-- runScenario -->
        <test-method signature="runScenario(io.cucumber.testng.PickleWrapper,io.cucumber.testng.FeatureWrapper)[pri:0, instance:Runner.TestRunner@2638011]" started-at="2025-06-13T13:08:19 CDT" name="runScenario" description="Runs Cucumber Scenarios" data-provider="scenarios" finished-at="2025-06-13T13:08:20 CDT" duration-ms="1131" status="FAIL">
          <params>
            <param index="0">
              <value>
                <![CDATA["Validate Content-Type is application/json in response"]]>
              </value>
            </param>
            <param index="1">
              <value>
                <![CDATA["Add New User API - Positive Scenarios"]]>
              </value>
            </param>
          </params>
          <exception class="io.cucumber.testng.UndefinedStepException">
            <message>
              <![CDATA[The step 'User receives Content-Type as application/json with status code 201' is undefined.
You can implement this step using the snippet(s) below:

@Then("User receives Content-Type as application\\/json with status code {int}")
public void user_receives_content_type_as_application_json_with_status_code(Integer int1) {
    // Write code here that turns the phrase above into concrete actions
    throw new io.cucumber.java.PendingException();
}
]]>
            </message>
            <full-stacktrace>
              <![CDATA[io.cucumber.testng.UndefinedStepException: The step 'User receives Content-Type as application/json with status code 201' is undefined.
You can implement this step using the snippet(s) below:

@Then("User receives Content-Type as application\\/json with status code {int}")
public void user_receives_content_type_as_application_json_with_status_code(Integer int1) {
    // Write code here that turns the phrase above into concrete actions
    throw new io.cucumber.java.PendingException();
}

at io.cucumber.core.runtime.TestCaseResultObserver.assertTestCasePassed(TestCaseResultObserver.java:69)
at io.cucumber.testng.TestCaseResultObserver.assertTestCasePassed(TestCaseResultObserver.java:23)
at io.cucumber.testng.TestNGCucumberRunner.lambda$runScenario$1(TestNGCucumberRunner.java:136)
at io.cucumber.core.runtime.CucumberExecutionContext.lambda$runTestCase$5(CucumberExecutionContext.java:136)
at io.cucumber.core.runtime.RethrowingThrowableCollector.executeAndThrow(RethrowingThrowableCollector.java:23)
at io.cucumber.core.runtime.CucumberExecutionContext.runTestCase(CucumberExecutionContext.java:136)
at io.cucumber.testng.TestNGCucumberRunner.runScenario(TestNGCucumberRunner.java:132)
at io.cucumber.testng.AbstractTestNGCucumberTests.runScenario(AbstractTestNGCucumberTests.java:35)
at java.base/jdk.internal.reflect.DirectMethodHandleAccessor.invoke(DirectMethodHandleAccessor.java:103)
at java.base/java.lang.reflect.Method.invoke(Method.java:580)
at org.testng.internal.invokers.MethodInvocationHelper.invokeMethod(MethodInvocationHelper.java:141)
at org.testng.internal.invokers.TestInvoker.invokeMethod(TestInvoker.java:687)
at org.testng.internal.invokers.TestInvoker.invokeTestMethod(TestInvoker.java:230)
at org.testng.internal.invokers.MethodRunner.runInSequence(MethodRunner.java:63)
at org.testng.internal.invokers.TestInvoker$MethodInvocationAgent.invoke(TestInvoker.java:995)
at org.testng.internal.invokers.TestInvoker.invokeTestMethods(TestInvoker.java:203)
at org.testng.internal.invokers.TestMethodWorker.invokeTestMethods(TestMethodWorker.java:154)
at org.testng.internal.invokers.TestMethodWorker.run(TestMethodWorker.java:134)
at java.base/java.util.ArrayList.forEach(ArrayList.java:1597)
at org.testng.TestRunner.privateRun(TestRunner.java:741)
at org.testng.TestRunner.run(TestRunner.java:616)
at org.testng.SuiteRunner.runTest(SuiteRunner.java:421)
at org.testng.SuiteRunner.runSequentially(SuiteRunner.java:413)
at org.testng.SuiteRunner.privateRun(SuiteRunner.java:373)
at org.testng.SuiteRunner.run(SuiteRunner.java:312)
at org.testng.SuiteRunnerWorker.runSuite(SuiteRunnerWorker.java:52)
at org.testng.SuiteRunnerWorker.run(SuiteRunnerWorker.java:95)
at org.testng.TestNG.runSuitesSequentially(TestNG.java:1274)
at org.testng.TestNG.runSuitesLocally(TestNG.java:1208)
at org.testng.TestNG.runSuites(TestNG.java:1112)
at org.testng.TestNG.run(TestNG.java:1079)
at org.testng.remote.AbstractRemoteTestNG.run(AbstractRemoteTestNG.java:115)
at org.testng.remote.RemoteTestNG.initAndRun(RemoteTestNG.java:293)
at org.testng.remote.RemoteTestNG.main(RemoteTestNG.java:91)
]]>
            </full-stacktrace>
          </exception> <!-- io.cucumber.testng.UndefinedStepException -->
          <reporter-output>
          </reporter-output>
        </test-method> <!-- runScenario -->
        <test-method signature="runScenario(io.cucumber.testng.PickleWrapper,io.cucumber.testng.FeatureWrapper)[pri:0, instance:Runner.TestRunner@2638011]" started-at="2025-06-13T13:08:20 CDT" name="runScenario" description="Runs Cucumber Scenarios" data-provider="scenarios" finished-at="2025-06-13T13:08:21 CDT" duration-ms="754" status="PASS">
          <params>
            <param index="0">
              <value>
                <![CDATA["Validate response status code is 201"]]>
              </value>
            </param>
            <param index="1">
              <value>
                <![CDATA["Add New User API - Positive Scenarios"]]>
              </value>
            </param>
          </params>
          <reporter-output>
          </reporter-output>
        </test-method> <!-- runScenario -->
        <test-method signature="runScenario(io.cucumber.testng.PickleWrapper,io.cucumber.testng.FeatureWrapper)[pri:0, instance:Runner.TestRunner@2638011]" started-at="2025-06-13T13:08:21 CDT" name="runScenario" description="Runs Cucumber Scenarios" data-provider="scenarios" finished-at="2025-06-13T13:08:21 CDT" duration-ms="757" status="PASS">
          <params>
            <param index="0">
              <value>
                <![CDATA["Validate response status text is Created"]]>
              </value>
            </param>
            <param index="1">
              <value>
                <![CDATA["Add New User API - Positive Scenarios"]]>
              </value>
            </param>
          </params>
          <reporter-output>
          </reporter-output>
        </test-method> <!-- runScenario -->
        <test-method signature="runScenario(io.cucumber.testng.PickleWrapper,io.cucumber.testng.FeatureWrapper)[pri:0, instance:Runner.TestRunner@2638011]" started-at="2025-06-13T13:08:21 CDT" name="runScenario" description="Runs Cucumber Scenarios" data-provider="scenarios" finished-at="2025-06-13T13:08:22 CDT" duration-ms="765" status="PASS">
          <params>
            <param index="0">
              <value>
                <![CDATA["Validate user_id is integer in response"]]>
              </value>
            </param>
            <param index="1">
              <value>
                <![CDATA["Add New User API - Positive Scenarios"]]>
              </value>
            </param>
          </params>
          <reporter-output>
          </reporter-output>
        </test-method> <!-- runScenario -->
        <test-method signature="runScenario(io.cucumber.testng.PickleWrapper,io.cucumber.testng.FeatureWrapper)[pri:0, instance:Runner.TestRunner@2638011]" started-at="2025-06-13T13:08:22 CDT" name="runScenario" description="Runs Cucumber Scenarios" data-provider="scenarios" finished-at="2025-06-13T13:08:23 CDT" duration-ms="725" status="PASS">
          <params>
            <param index="0">
              <value>
                <![CDATA["Validate addressID is integer in response"]]>
              </value>
            </param>
            <param index="1">
              <value>
                <![CDATA["Add New User API - Positive Scenarios"]]>
              </value>
            </param>
          </params>
          <reporter-output>
          </reporter-output>
        </test-method> <!-- runScenario -->
        <test-method is-config="true" signature="tearDownClass()[pri:0, instance:Runner.TestRunner@2638011]" started-at="2025-06-13T13:08:23 CDT" name="tearDownClass" finished-at="2025-06-13T13:08:27 CDT" duration-ms="3995" status="PASS">
          <reporter-output>
          </reporter-output>
        </test-method> <!-- tearDownClass -->
      </class> <!-- Runner.TestRunner -->
    </test> <!-- Default test -->
  </suite> <!-- Default suite -->
</testng-results>
